<?xml version="1.0" encoding="UTF-8"?>
<!-- Generated by org.testng.reporters.JUnitReportReporter -->
<testsuite skipped="0" hostname="PredatorOnHunt" name="com.training.sanity.tests.RTTC_054" tests="24" failures="0" timestamp="2020-10-17T20:00:23 IST" time="87.519" errors="1">
  <testcase name="validLoginTest" time="9.523" classname="com.training.sanity.tests.RTTC_054"/>
  <system-out/>
  <testcase name="salesIcon" time="0.520" classname="com.training.sanity.tests.RTTC_054"/>
  <system-out/>
  <testcase name="clickOrdersLink" time="1.513" classname="com.training.sanity.tests.RTTC_054"/>
  <system-out/>
  <testcase name="addNewClick" time="3.512" classname="com.training.sanity.tests.RTTC_054"/>
  <system-out/>
  <testcase name="firstNameTextBox" time="0.299" classname="com.training.sanity.tests.RTTC_054"/>
  <system-out/>
  <testcase name="lastNameTextBox" time="0.278" classname="com.training.sanity.tests.RTTC_054"/>
  <system-out/>
  <testcase name="emailTextBox" time="0.196" classname="com.training.sanity.tests.RTTC_054"/>
  <system-out/>
  <testcase name="telephoneTextBox" time="0.139" classname="com.training.sanity.tests.RTTC_054"/>
  <system-out/>
  <testcase name="continueButtonClick" time="3.251" classname="com.training.sanity.tests.RTTC_054"/>
  <system-out/>
  <testcase name="chooseProdcutTextBox" time="0.405" classname="com.training.sanity.tests.RTTC_054"/>
  <system-out/>
  <testcase name="productQuantity" time="0.202" classname="com.training.sanity.tests.RTTC_054"/>
  <system-out/>
  <testcase name="addProductButton" time="0.143" classname="com.training.sanity.tests.RTTC_054"/>
  <system-out/>
  <testcase name="clickContinueAddProductButton" time="0.229" classname="com.training.sanity.tests.RTTC_054"/>
  <system-out/>
  <testcase name="paymentFirstName" time="0.253" classname="com.training.sanity.tests.RTTC_054"/>
  <system-out/>
  <testcase name="paymentLastName" time="0.231" classname="com.training.sanity.tests.RTTC_054"/>
  <system-out/>
  <testcase name="paymentAddress1" time="0.262" classname="com.training.sanity.tests.RTTC_054"/>
  <system-out/>
  <testcase name="paymentAddress2" time="0.268" classname="com.training.sanity.tests.RTTC_054"/>
  <system-out/>
  <testcase name="paymentCity" time="0.236" classname="com.training.sanity.tests.RTTC_054"/>
  <system-out/>
  <testcase name="paymentPostcode" time="0.229" classname="com.training.sanity.tests.RTTC_054"/>
  <system-out/>
  <testcase name="paymentCountry" time="0.387" classname="com.training.sanity.tests.RTTC_054"/>
  <system-out/>
  <testcase name="paymentState" time="1.598" classname="com.training.sanity.tests.RTTC_054"/>
  <system-out/>
  <testcase name="paymentContinue" time="3.321" classname="com.training.sanity.tests.RTTC_054"/>
  <system-out/>
  <testcase name="selectPaymentMethod" time="60.341" classname="com.training.sanity.tests.RTTC_054">
    <error type="org.openqa.selenium.NoSuchElementException" message="Cannot locate element with text: Cash on Delivery
For documentation on this error, please visit: http://seleniumhq.org/exceptions/no_such_element.html
Build info: version: &#039;3.6.0&#039;, revision: &#039;6fbf3ec767&#039;, time: &#039;2017-09-27T15:28:36.4Z&#039;
System info: host: &#039;PREDATORONHUNT&#039;, ip: &#039;192.168.1.101&#039;, os.name: &#039;Windows 10&#039;, os.arch: &#039;amd64&#039;, os.version: &#039;10.0&#039;, java.version: &#039;1.8.0_261&#039;
Driver info: driver.version: unknown">
      <![CDATA[org.openqa.selenium.NoSuchElementException: Cannot locate element with text: Cash on Delivery
For documentation on this error, please visit: http://seleniumhq.org/exceptions/no_such_element.html
Build info: version: '3.6.0', revision: '6fbf3ec767', time: '2017-09-27T15:28:36.4Z'
System info: host: 'PREDATORONHUNT', ip: '192.168.1.101', os.name: 'Windows 10', os.arch: 'amd64', os.version: '10.0', java.version: '1.8.0_261'
Driver info: driver.version: unknown
at org.openqa.selenium.support.ui.Select.selectByVisibleText(Select.java:151)
at com.training.pom.RetailUpSkillAdmin_054.paymentMethod(RetailUpSkillAdmin_054.java:101)
at com.training.sanity.tests.RTTC_054.selectPaymentMethod(RTTC_054.java:199)
at sun.reflect.NativeMethodAccessorImpl.invoke0(Native Method)
at sun.reflect.NativeMethodAccessorImpl.invoke(NativeMethodAccessorImpl.java:62)
at sun.reflect.DelegatingMethodAccessorImpl.invoke(DelegatingMethodAccessorImpl.java:43)
at java.lang.reflect.Method.invoke(Method.java:498)
at org.testng.internal.MethodInvocationHelper.invokeMethod(MethodInvocationHelper.java:132)
at org.testng.internal.TestInvoker.invokeMethod(TestInvoker.java:599)
at org.testng.internal.TestInvoker.invokeTestMethod(TestInvoker.java:174)
at org.testng.internal.MethodRunner.runInSequence(MethodRunner.java:46)
at org.testng.internal.TestInvoker$MethodInvocationAgent.invoke(TestInvoker.java:822)
at org.testng.internal.TestInvoker.invokeTestMethods(TestInvoker.java:147)
at org.testng.internal.TestMethodWorker.invokeTestMethods(TestMethodWorker.java:146)
at org.testng.internal.TestMethodWorker.run(TestMethodWorker.java:128)
at java.util.ArrayList.forEach(ArrayList.java:1259)
at org.testng.TestRunner.privateRun(TestRunner.java:764)
at org.testng.TestRunner.run(TestRunner.java:585)
at org.testng.SuiteRunner.runTest(SuiteRunner.java:384)
at org.testng.SuiteRunner.runSequentially(SuiteRunner.java:378)
at org.testng.SuiteRunner.privateRun(SuiteRunner.java:337)
at org.testng.SuiteRunner.run(SuiteRunner.java:286)
at org.testng.SuiteRunnerWorker.runSuite(SuiteRunnerWorker.java:53)
at org.testng.SuiteRunnerWorker.run(SuiteRunnerWorker.java:96)
at org.testng.TestNG.runSuitesSequentially(TestNG.java:1218)
at org.testng.TestNG.runSuitesLocally(TestNG.java:1140)
at org.testng.TestNG.runSuites(TestNG.java:1069)
at org.testng.TestNG.run(TestNG.java:1037)
at org.testng.remote.AbstractRemoteTestNG.run(AbstractRemoteTestNG.java:115)
at org.testng.remote.RemoteTestNG.initAndRun(RemoteTestNG.java:251)
at org.testng.remote.RemoteTestNG.main(RemoteTestNG.java:77)
]]>
    </error>
  </testcase> <!-- selectPaymentMethod -->
  <system-out/>
  <testcase name="clickSave" time="0.183" classname="com.training.sanity.tests.RTTC_054"/>
  <system-out/>
</testsuite> <!-- com.training.sanity.tests.RTTC_054 -->
