<?xml version="1.0" encoding="UTF-8"?>
<!-- Generated by org.testng.reporters.JUnitXMLReporter -->
<testsuite hostname="PredatorOnHunt" ignored="0" name="Sample test" tests="45" failures="1" timestamp="2020-10-17T20:00:23 IST" time="197.262" errors="0">
  <testcase name="validLoginTest" time="7.446" classname="com.training.sanity.tests.LoginTests"/>
  <testcase name="clickOnCustomerIcon" time="0.429" classname="com.training.sanity.tests.LoginTests"/>
  <testcase name="clickOnCustomerLink" time="0.909" classname="com.training.sanity.tests.LoginTests"/>
  <testcase name="clickEditIconOfCustomer" time="1.105" classname="com.training.sanity.tests.LoginTests"/>
  <testcase name="clearFirstNameTextBoxClear" time="0.161" classname="com.training.sanity.tests.LoginTests"/>
  <testcase name="clearFirstNameTextBoxSendKeys" time="0.291" classname="com.training.sanity.tests.LoginTests"/>
  <testcase name="clickAddressTab" time="0.212" classname="com.training.sanity.tests.LoginTests"/>
  <testcase name="sendKeysPostCode" time="0.371" classname="com.training.sanity.tests.LoginTests"/>
  <testcase name="rewardsPointsTabClick" time="0.197" classname="com.training.sanity.tests.LoginTests"/>
  <testcase name="descriptionTextBox" time="0.24" classname="com.training.sanity.tests.LoginTests"/>
  <testcase name="pointsTextBox" time="0.221" classname="com.training.sanity.tests.LoginTests"/>
  <testcase name="addRewards" time="5.317" classname="com.training.sanity.tests.LoginTests"/>
  <testcase name="saveButton" time="1.831" classname="com.training.sanity.tests.LoginTests"/>
  <testcase name="reportsIcon" time="0.84" classname="com.training.sanity.tests.LoginTests"/>
  <testcase name="reportCustomersLink" time="0.502" classname="com.training.sanity.tests.LoginTests"/>
  <testcase name="clickRewardPointsFromReports" time="1.683" classname="com.training.sanity.tests.LoginTests"/>
  <testcase name="validLoginTest" time="4.921" classname="com.training.sanity.tests.RTTC_053"/>
  <testcase name="clickOrdersandView" time="5.996" classname="com.training.sanity.tests.RTTC_053"/>
  <testcase name="genarateIcon" time="0.121" classname="com.training.sanity.tests.RTTC_053"/>
  <testcase name="orderStatusModification" time="0.206" classname="com.training.sanity.tests.RTTC_053"/>
  <testcase name="addHistoryclick" time="3.216" classname="com.training.sanity.tests.RTTC_053"/>
  <testcase name="validLoginTest" time="9.523" classname="com.training.sanity.tests.RTTC_054"/>
  <testcase name="salesIcon" time="0.52" classname="com.training.sanity.tests.RTTC_054"/>
  <testcase name="clickOrdersLink" time="1.513" classname="com.training.sanity.tests.RTTC_054"/>
  <testcase name="addNewClick" time="3.512" classname="com.training.sanity.tests.RTTC_054"/>
  <testcase name="firstNameTextBox" time="0.299" classname="com.training.sanity.tests.RTTC_054"/>
  <testcase name="lastNameTextBox" time="0.278" classname="com.training.sanity.tests.RTTC_054"/>
  <testcase name="emailTextBox" time="0.196" classname="com.training.sanity.tests.RTTC_054"/>
  <testcase name="telephoneTextBox" time="0.139" classname="com.training.sanity.tests.RTTC_054"/>
  <testcase name="continueButtonClick" time="3.251" classname="com.training.sanity.tests.RTTC_054"/>
  <testcase name="chooseProdcutTextBox" time="0.405" classname="com.training.sanity.tests.RTTC_054"/>
  <testcase name="productQuantity" time="0.202" classname="com.training.sanity.tests.RTTC_054"/>
  <testcase name="addProductButton" time="0.143" classname="com.training.sanity.tests.RTTC_054"/>
  <testcase name="clickContinueAddProductButton" time="0.229" classname="com.training.sanity.tests.RTTC_054"/>
  <testcase name="paymentFirstName" time="0.253" classname="com.training.sanity.tests.RTTC_054"/>
  <testcase name="paymentLastName" time="0.231" classname="com.training.sanity.tests.RTTC_054"/>
  <testcase name="paymentAddress1" time="0.262" classname="com.training.sanity.tests.RTTC_054"/>
  <testcase name="paymentAddress2" time="0.268" classname="com.training.sanity.tests.RTTC_054"/>
  <testcase name="paymentCity" time="0.236" classname="com.training.sanity.tests.RTTC_054"/>
  <testcase name="paymentPostcode" time="0.229" classname="com.training.sanity.tests.RTTC_054"/>
  <testcase name="paymentCountry" time="0.387" classname="com.training.sanity.tests.RTTC_054"/>
  <testcase name="paymentState" time="1.598" classname="com.training.sanity.tests.RTTC_054"/>
  <testcase name="paymentContinue" time="3.321" classname="com.training.sanity.tests.RTTC_054"/>
  <testcase name="selectPaymentMethod" time="60.341" classname="com.training.sanity.tests.RTTC_054">
    <failure type="org.openqa.selenium.NoSuchElementException" message="Cannot locate element with text: Cash on Delivery
For documentation on this error, please visit: http://seleniumhq.org/exceptions/no_such_element.html
Build info: version: &amp;apos;3.6.0&amp;apos;, revision: &amp;apos;6fbf3ec767&amp;apos;, time: &amp;apos;2017-09-27T15:28:36.4Z&amp;apos;
System info: host: &amp;apos;PREDATORONHUNT&amp;apos;, ip: &amp;apos;192.168.1.101&amp;apos;, os.name: &amp;apos;Windows 10&amp;apos;, os.arch: &amp;apos;amd64&amp;apos;, os.version: &amp;apos;10.0&amp;apos;, java.version: &amp;apos;1.8.0_261&amp;apos;
Driver info: driver.version: unknown">
      <![CDATA[org.openqa.selenium.NoSuchElementException: Cannot locate element with text: Cash on Delivery
For documentation on this error, please visit: http://seleniumhq.org/exceptions/no_such_element.html
Build info: version: '3.6.0', revision: '6fbf3ec767', time: '2017-09-27T15:28:36.4Z'
System info: host: 'PREDATORONHUNT', ip: '192.168.1.101', os.name: 'Windows 10', os.arch: 'amd64', os.version: '10.0', java.version: '1.8.0_261'
Driver info: driver.version: unknown
at org.openqa.selenium.support.ui.Select.selectByVisibleText(Select.java:151)
at com.training.pom.RetailUpSkillAdmin_054.paymentMethod(RetailUpSkillAdmin_054.java:101)
at com.training.sanity.tests.RTTC_054.selectPaymentMethod(RTTC_054.java:199)
at java.util.ArrayList.forEach(ArrayList.java:1259)
... Removed 27 stack frames]]>
    </failure>
  </testcase> <!-- selectPaymentMethod -->
  <testcase name="clickSave" time="0.183" classname="com.training.sanity.tests.RTTC_054"/>
</testsuite> <!-- Sample test -->
